
xv6 kernel is booting

hart 2 starting
hart 1 starting
init: starting sh
$ pingpong 10 & ; pingpong 10 & ; pingpong 20 ; echo DONE
Ping
PiPnogng
P
inPPgoinngg


PPoinPngg

oPPoinngg

nPgPoinngg


PPoinngg

PPPoinngg

iPnoPnign
g
gP
iPnogn
g
PPoPnign
g
oPPinonngg

gPPoinngg


PPoPinngg

iPnPoinngg

gPPoinngg


PPoPinngog

nPPoinngg

gP
oPnPinigg

ng
PonPgoP
inngg

PonPgi
ng
Pong
Ping
Pong
Ping
Pong
Ping
Pong
Ping
Pong
Ping
Pong
Ping
Pong
Ping
Pong
Ping
Pong
Ping
Pong
Ping
Pong
Ping
Pong
Ping
Pong
Ping
Pong
Ping
Pong
Ping
Pong
DONE
$ qemu-system-riscv64: terminating on signal 15 from pid 75414 (make)
